<?xml version="1.0" encoding="UTF-8"?>
<!-- Generated by org.testng.reporters.JUnitReportReporter -->
<testsuite hostname="DESKTOP-ID7L0CI" failures="0" tests="1" name="testCases.TC04_SearchProductTest" time="1.277" errors="0" timestamp="2024-09-09T17:52:39 IST" skipped="0">
  <testcase classname="testCases.TC04_SearchProductTest" name="verify_pruductSearch" time="1.277"/>
</testsuite> <!-- testCases.TC04_SearchProductTest -->
