<?xml version="1.0" encoding="UTF-8"?>
<!-- Generated by org.testng.reporters.JUnitReportReporter -->
<testsuite hostname="DESKTOP-ID7L0CI" failures="0" tests="1" name="testCases.TC01_AccountRegistrationTest" time="6.679" errors="0" timestamp="2024-09-09T10:50:59 IST" skipped="0">
  <testcase classname="testCases.TC01_AccountRegistrationTest" name="verify_account_registration" time="6.679"/>
</testsuite> <!-- testCases.TC01_AccountRegistrationTest -->
