<?xml version="1.0" encoding="UTF-8"?>
<!-- Generated by org.testng.reporters.JUnitReportReporter -->
<testsuite hostname="DESKTOP-ID7L0CI" failures="0" tests="1" name="testCases.TC02_LoginTest" time="4.216" errors="0" timestamp="2024-09-09T17:52:39 IST" skipped="0">
  <testcase classname="testCases.TC02_LoginTest" name="verify_login" time="4.216"/>
</testsuite> <!-- testCases.TC02_LoginTest -->
